<?xml version="1.0" encoding="UTF-8"?>
<!-- Generated by org.testng.reporters.JUnitXMLReporter -->
<testsuite hostname="DESKTOP-ADCM4MU" ignored="0" name="Test" tests="1" failures="1" timestamp="27 Jul 2019 19:34:00 GMT" time="0.787" errors="0">
  <testcase name="feature" time="0.206" classname="com.shopping.cucumber.ShoppingList.Runner">
    <failure type="cucumber.runtime.CucumberException" message="java.lang.NullPointerException">
      <![CDATA[cucumber.runtime.CucumberException: java.lang.NullPointerException
at cucumber.api.testng.TestNGCucumberRunner.runCucumber(TestNGCucumberRunner.java:69)
at com.shopping.cucumber.ShoppingList.Runner.feature(Runner.java:31)
Caused by: java.lang.NullPointerException
at com.google.common.base.Preconditions.checkNotNull(Preconditions.java:882)
at io.appium.java_client.TouchAction.<init>(TouchAction.java:52)
at com.shopping.cucumber.ShoppingList.ShoppingList_Helper.deleteItemsFromList(ShoppingList_Helper.java:88)
at com.shopping.cucumber.ShoppingList.ShoppingListStepDef.deleteItemsFromList(ShoppingListStepDef.java:18)
at ✽.Given Delete an Item from list "Electronics"(src/test/java/shopping/cucumber/features/Shopping.feature:9)
... Removed 25 stack frames]]>
    </failure>
  </testcase> <!-- feature -->
</testsuite> <!-- Test -->
